debug/manifest-merger-blame-debug-report.txt
1<?xml version="1.0" encoding="utf-8"?>
2<manifest xmlns:android="http://schemas.android.com/apk/res/android"
3    package="com.example.example"
4    android:versionCode="1"
5    android:versionName="1.0" >
6
7    <uses-sdk
8        android:minSdkVersion="22"
8-->src\main\AndroidManifest.xml
9        android:targetSdkVersion="33" />
9-->src\main\AndroidManifest.xml
10
11    <uses-permission android:name="android.permission.INTERNET" />
11-->src\main\AndroidManifest.xml:6:5-67
11-->src\main\AndroidManifest.xml:6:22-64
12    <uses-permission android:name="android.permission.WRITE_EXTERNAL_STORAGE" />
12-->src\main\AndroidManifest.xml:7:5-9:32
12-->src\main\AndroidManifest.xml:8:9-65
13    <uses-permission android:name="android.permission.READ_EXTERNAL_STORAGE" />
13-->src\main\AndroidManifest.xml:10:5-80
13-->src\main\AndroidManifest.xml:10:22-77
14    <uses-permission android:name="android.permission.READ_CONTACTS" />
14-->src\main\AndroidManifest.xml:11:5-72
14-->src\main\AndroidManifest.xml:11:22-69
15    <uses-permission android:name="android.permission.CALL_PHONE" />
15-->src\main\AndroidManifest.xml:12:5-69
15-->src\main\AndroidManifest.xml:12:22-66
16    <uses-permission android:name="com.android.alarm.permission.SET_ALARM" />
16-->src\main\AndroidManifest.xml:13:5-78
16-->src\main\AndroidManifest.xml:13:22-75
17    <uses-permission android:name="android.permission.WAKE_LOCK" />
17-->src\main\AndroidManifest.xml:14:5-68
17-->src\main\AndroidManifest.xml:14:22-65
18    <uses-permission android:name="android.permission.RECEIVE_BOOT_COMPLETED" />
18-->src\main\AndroidManifest.xml:15:5-81
18-->src\main\AndroidManifest.xml:15:22-78
19    <uses-permission android:name="android.permission.ACCESS_NETWORK_STATE" />
19-->[com.firebaseui:firebase-ui-auth:4.1.0] AndroidManifest.xml:12:5-79
19-->[com.firebaseui:firebase-ui-auth:4.1.0] AndroidManifest.xml:12:22-76
20    <uses-permission android:name="android.permission.POST_NOTIFICATIONS" /> <!-- Required by older versions of Google Play services to create IID tokens -->
20-->[com.google.firebase:firebase-messaging:23.1.2] AndroidManifest.xml:25:5-77
20-->[com.google.firebase:firebase-messaging:23.1.2] AndroidManifest.xml:25:22-74
21    <uses-permission android:name="com.google.android.c2dm.permission.RECEIVE" />
21-->[com.google.firebase:firebase-messaging:23.1.2] AndroidManifest.xml:28:5-82
21-->[com.google.firebase:firebase-messaging:23.1.2] AndroidManifest.xml:28:22-79
22    <uses-permission android:name="android.permission.REQUEST_INSTALL_PACKAGES" />
22-->[net.hockeyapp.android:HockeySDK:5.1.1] AndroidManifest.xml:16:5-83
22-->[net.hockeyapp.android:HockeySDK:5.1.1] AndroidManifest.xml:16:22-80
23    <uses-permission android:name="com.google.android.gms.permission.AD_ID" />
23-->[com.google.android.gms:play-services-measurement-api:21.2.2] AndroidManifest.xml:25:5-79
23-->[com.google.android.gms:play-services-measurement-api:21.2.2] AndroidManifest.xml:25:22-76
24    <uses-permission android:name="com.google.android.finsky.permission.BIND_GET_INSTALL_REFERRER_SERVICE" />
24-->[com.google.android.gms:play-services-measurement:21.2.2] AndroidManifest.xml:26:5-110
24-->[com.google.android.gms:play-services-measurement:21.2.2] AndroidManifest.xml:26:22-107
25
26    <application
26-->src\main\AndroidManifest.xml:17:5-383:19
27        android:allowBackup="false"
27-->src\main\AndroidManifest.xml:18:9-36
28        android:configChanges="keyboardHidden|screenSize"
28-->src\main\AndroidManifest.xml:19:9-58
29        android:dataExtractionRules="@xml/data_extraction_rules"
29-->src\main\AndroidManifest.xml:20:9-65
30        android:debuggable="true"
31        android:fullBackupContent="false"
31-->src\main\AndroidManifest.xml:21:9-42
32        android:hardwareAccelerated="false"
32-->src\main\AndroidManifest.xml:22:9-44
33        android:icon="@mipmap/ucen_logo"
33-->src\main\AndroidManifest.xml:23:9-41
34        android:label="@string/app_name"
34-->src\main\AndroidManifest.xml:24:9-41
35        android:largeHeap="true"
35-->src\main\AndroidManifest.xml:25:9-33
36        android:screenOrientation="portrait"
36-->src\main\AndroidManifest.xml:26:9-45
37        android:supportsRtl="true"
37-->src\main\AndroidManifest.xml:27:9-35
38        android:testOnly="true"
39        android:theme="@style/AppTheme" >
39-->src\main\AndroidManifest.xml:28:9-40
40        <activity
40-->src\main\AndroidManifest.xml:32:9-41:20
41            android:name="com.example.example.Account.SplashActivity"
41-->src\main\AndroidManifest.xml:33:13-51
42            android:exported="true"
42-->src\main\AndroidManifest.xml:34:13-36
43            android:screenOrientation="portrait"
43-->src\main\AndroidManifest.xml:35:13-49
44            android:theme="@style/Theme.AppCompat.NoActionBar" >
44-->src\main\AndroidManifest.xml:36:13-63
45            <intent-filter>
45-->src\main\AndroidManifest.xml:37:13-40:29
46                <action android:name="android.intent.action.MAIN" />
46-->src\main\AndroidManifest.xml:38:17-69
46-->src\main\AndroidManifest.xml:38:25-66
47
48                <category android:name="android.intent.category.LAUNCHER" />
48-->src\main\AndroidManifest.xml:39:17-77
48-->src\main\AndroidManifest.xml:39:27-74
49            </intent-filter>
50        </activity>
51        <activity
51-->src\main\AndroidManifest.xml:43:9-47:66
52            android:name="com.example.example.Account.IntroScreen"
52-->src\main\AndroidManifest.xml:44:13-48
53            android:exported="false"
53-->src\main\AndroidManifest.xml:45:13-37
54            android:screenOrientation="portrait"
54-->src\main\AndroidManifest.xml:46:13-49
55            android:theme="@style/Theme.AppCompat.NoActionBar" />
55-->src\main\AndroidManifest.xml:47:13-63
56        <activity
56-->src\main\AndroidManifest.xml:49:9-54:20
57            android:name="com.example.example.TestActivity"
57-->src\main\AndroidManifest.xml:50:13-41
58            android:exported="false"
58-->src\main\AndroidManifest.xml:51:13-37
59            android:theme="@style/Theme.AppCompat.NoActionBar" >
59-->src\main\AndroidManifest.xml:52:13-63
60        </activity>
61        <activity
61-->src\main\AndroidManifest.xml:55:9-61:20
62            android:name="com.example.example.Account.LoginActivity"
62-->src\main\AndroidManifest.xml:56:13-50
63            android:exported="false"
63-->src\main\AndroidManifest.xml:57:13-37
64            android:theme="@style/Theme.AppCompat.NoActionBar"
64-->src\main\AndroidManifest.xml:58:13-63
65            android:windowSoftInputMode="adjustPan" >
65-->src\main\AndroidManifest.xml:59:13-52
66        </activity>
67        <activity
67-->src\main\AndroidManifest.xml:62:9-69:20
68            android:name="com.example.example.Account.RegisterActivity"
68-->src\main\AndroidManifest.xml:63:13-53
69            android:exported="false"
69-->src\main\AndroidManifest.xml:64:13-37
70            android:theme="@style/Theme.AppCompat.NoActionBar"
70-->src\main\AndroidManifest.xml:65:13-63
71            android:windowSoftInputMode="adjustPan" >
71-->src\main\AndroidManifest.xml:66:13-52
72        </activity>
73        <activity
73-->src\main\AndroidManifest.xml:70:9-76:15
74            android:name="com.example.example.Account.ForgotPassword"
74-->src\main\AndroidManifest.xml:71:13-51
75            android:exported="false"
75-->src\main\AndroidManifest.xml:72:13-37
76            android:screenOrientation="portrait"
76-->src\main\AndroidManifest.xml:73:13-49
77            android:theme="@style/AppTheme.NoActionBar.TitleBar" />
77-->src\main\AndroidManifest.xml:74:13-65
78        <activity
78-->src\main\AndroidManifest.xml:78:9-83:68
79            android:name="com.example.example.Council.CouncilActivity"
79-->src\main\AndroidManifest.xml:79:13-52
80            android:exported="false"
80-->src\main\AndroidManifest.xml:80:13-37
81            android:label="Council"
81-->src\main\AndroidManifest.xml:81:13-36
82            android:screenOrientation="portrait"
82-->src\main\AndroidManifest.xml:82:13-49
83            android:theme="@style/AppTheme.NoActionBar.TitleBar" />
83-->src\main\AndroidManifest.xml:83:13-65
84        <activity
84-->src\main\AndroidManifest.xml:85:9-91:15
85            android:name="com.example.example.HomeActivity"
85-->src\main\AndroidManifest.xml:86:13-41
86            android:exported="false"
86-->src\main\AndroidManifest.xml:87:13-37
87            android:screenOrientation="portrait"
87-->src\main\AndroidManifest.xml:88:13-49
88            android:theme="@style/AppTheme.NoActionBar.TitleBar" />
88-->src\main\AndroidManifest.xml:89:13-65
89        <activity
89-->src\main\AndroidManifest.xml:93:9-99:20
90            android:name="com.example.example.Mess.MessActivity"
90-->src\main\AndroidManifest.xml:94:13-46
91            android:exported="false"
91-->src\main\AndroidManifest.xml:95:13-37
92            android:screenOrientation="portrait"
92-->src\main\AndroidManifest.xml:96:13-49
93            android:theme="@style/AppTheme.NoActionBar.TitleBar" >
93-->src\main\AndroidManifest.xml:97:13-65
94        </activity>
95        <activity
95-->src\main\AndroidManifest.xml:102:9-109:20
96            android:name="com.example.example.Complaints.ComplaintsActivity"
96-->src\main\AndroidManifest.xml:103:13-58
97            android:exported="false"
97-->src\main\AndroidManifest.xml:104:13-37
98            android:theme="@style/AppTheme.NoActionBar.TitleBar" >
98-->src\main\AndroidManifest.xml:105:13-65
99            <meta-data
99-->src\main\AndroidManifest.xml:106:13-108:49
100                android:name="android.support.PARENT_ACTIVITY"
100-->src\main\AndroidManifest.xml:107:17-63
101                android:value=".HomeActivity" />
101-->src\main\AndroidManifest.xml:108:17-46
102        </activity>
103        <activity
103-->src\main\AndroidManifest.xml:112:9-119:20
104            android:name="com.example.example.Complaints.ComplainRegister"
104-->src\main\AndroidManifest.xml:113:13-56
105            android:exported="false"
105-->src\main\AndroidManifest.xml:114:13-37
106            android:screenOrientation="portrait" >
106-->src\main\AndroidManifest.xml:115:13-49
107            <meta-data
107-->src\main\AndroidManifest.xml:106:13-108:49
108                android:name="android.support.PARENT_ACTIVITY"
108-->src\main\AndroidManifest.xml:107:17-63
109                android:value=".Complaints.ComplaintsActivity" />
109-->src\main\AndroidManifest.xml:108:17-46
110        </activity>
111        <activity
111-->src\main\AndroidManifest.xml:121:9-130:20
112            android:name="com.example.example.Complaints.ComplainStatus"
112-->src\main\AndroidManifest.xml:122:13-54
113            android:exported="false"
113-->src\main\AndroidManifest.xml:123:13-37
114            android:screenOrientation="portrait" >
114-->src\main\AndroidManifest.xml:124:13-49
115            <meta-data
115-->src\main\AndroidManifest.xml:106:13-108:49
116                android:name="android.support.PARENT_ACTIVITY"
116-->src\main\AndroidManifest.xml:107:17-63
117                android:value=".Complaints.ComplaintsActivity" />
117-->src\main\AndroidManifest.xml:108:17-46
118        </activity>
119        <activity
119-->src\main\AndroidManifest.xml:131:9-139:20
120            android:name="com.example.example.Complaints.StatusDetails"
120-->src\main\AndroidManifest.xml:132:13-53
121            android:exported="false"
121-->src\main\AndroidManifest.xml:133:13-37
122            android:screenOrientation="portrait"
122-->src\main\AndroidManifest.xml:134:13-49
123            android:theme="@style/AppTheme" >
123-->src\main\AndroidManifest.xml:135:13-44
124            <meta-data
124-->src\main\AndroidManifest.xml:106:13-108:49
125                android:name="android.support.PARENT_ACTIVITY"
125-->src\main\AndroidManifest.xml:107:17-63
126                android:value=".Complaints.ComplaintsActivity" />
126-->src\main\AndroidManifest.xml:108:17-46
127        </activity>
128        <activity
128-->src\main\AndroidManifest.xml:141:9-149:20
129            android:name="com.example.example.Council.CouncilWarden"
129-->src\main\AndroidManifest.xml:142:13-50
130            android:exported="false"
130-->src\main\AndroidManifest.xml:143:13-37
131            android:label="Council"
131-->src\main\AndroidManifest.xml:144:13-36
132            android:screenOrientation="portrait" >
132-->src\main\AndroidManifest.xml:145:13-49
133            <meta-data
133-->src\main\AndroidManifest.xml:106:13-108:49
134                android:name="android.support.PARENT_ACTIVITY"
134-->src\main\AndroidManifest.xml:107:17-63
135                android:value=".Council.CouncilActivity" />
135-->src\main\AndroidManifest.xml:108:17-46
136        </activity>
137        <activity
137-->src\main\AndroidManifest.xml:150:9-158:20
138            android:name="com.example.example.Council.CouncilGenSecy"
138-->src\main\AndroidManifest.xml:151:13-51
139            android:exported="false"
139-->src\main\AndroidManifest.xml:152:13-37
140            android:label="Council"
140-->src\main\AndroidManifest.xml:153:13-36
141            android:screenOrientation="portrait" >
141-->src\main\AndroidManifest.xml:154:13-49
142            <meta-data
142-->src\main\AndroidManifest.xml:106:13-108:49
143                android:name="android.support.PARENT_ACTIVITY"
143-->src\main\AndroidManifest.xml:107:17-63
144                android:value=".Council.CouncilActivity" />
144-->src\main\AndroidManifest.xml:108:17-46
145        </activity>
146        <activity
146-->src\main\AndroidManifest.xml:164:9-172:20
147            android:name="com.example.example.Council.CouncilFHostelSecy"
147-->src\main\AndroidManifest.xml:165:13-55
148            android:exported="false"
148-->src\main\AndroidManifest.xml:166:13-37
149            android:label="Council"
149-->src\main\AndroidManifest.xml:167:13-36
150            android:screenOrientation="portrait" >
150-->src\main\AndroidManifest.xml:168:13-49
151            <meta-data
151-->src\main\AndroidManifest.xml:106:13-108:49
152                android:name="android.support.PARENT_ACTIVITY"
152-->src\main\AndroidManifest.xml:107:17-63
153                android:value=".Council.CouncilActivity" />
153-->src\main\AndroidManifest.xml:108:17-46
154        </activity>
155        <activity
155-->src\main\AndroidManifest.xml:174:9-181:20
156            android:name="com.example.example.Council.CouncilFHosMainSecy"
156-->src\main\AndroidManifest.xml:175:13-56
157            android:exported="false"
157-->src\main\AndroidManifest.xml:176:13-37
158            android:screenOrientation="portrait" >
158-->src\main\AndroidManifest.xml:177:13-49
159            <meta-data
159-->src\main\AndroidManifest.xml:106:13-108:49
160                android:name="android.support.PARENT_ACTIVITY"
160-->src\main\AndroidManifest.xml:107:17-63
161                android:value=".Council.CouncilActivity" />
161-->src\main\AndroidManifest.xml:108:17-46
162        </activity>
163        <activity
163-->src\main\AndroidManifest.xml:183:9-191:20
164            android:name="com.example.example.Council.CouncilFMessSecy"
164-->src\main\AndroidManifest.xml:184:13-53
165            android:exported="false"
165-->src\main\AndroidManifest.xml:185:13-37
166            android:label="Council"
166-->src\main\AndroidManifest.xml:186:13-36
167            android:screenOrientation="portrait" >
167-->src\main\AndroidManifest.xml:187:13-49
168            <meta-data
168-->src\main\AndroidManifest.xml:106:13-108:49
169                android:name="android.support.PARENT_ACTIVITY"
169-->src\main\AndroidManifest.xml:107:17-63
170                android:value=".Council.CouncilActivity" />
170-->src\main\AndroidManifest.xml:108:17-46
171        </activity>
172        <activity
172-->src\main\AndroidManifest.xml:196:9-200:59
173            android:name="com.example.example.User.UpdatePassword"
173-->src\main\AndroidManifest.xml:197:13-48
174            android:exported="false"
174-->src\main\AndroidManifest.xml:198:13-37
175            android:screenOrientation="portrait"
175-->src\main\AndroidManifest.xml:199:13-49
176            android:theme="@style/AppTheme.NoActionBar" />
176-->src\main\AndroidManifest.xml:200:13-56
177        <activity
177-->src\main\AndroidManifest.xml:202:9-210:20
178            android:name="com.example.example.User.ProfileActivity"
178-->src\main\AndroidManifest.xml:203:13-49
179            android:exported="false"
179-->src\main\AndroidManifest.xml:204:13-37
180            android:screenOrientation="portrait"
180-->src\main\AndroidManifest.xml:205:13-49
181            android:theme="@style/AppTheme.NoActionBar" >
181-->src\main\AndroidManifest.xml:206:13-56
182            <meta-data
182-->src\main\AndroidManifest.xml:106:13-108:49
183                android:name="android.support.PARENT_ACTIVITY"
183-->src\main\AndroidManifest.xml:107:17-63
184                android:value=".HomeActivity" />
184-->src\main\AndroidManifest.xml:108:17-46
185        </activity>
186        <activity
186-->src\main\AndroidManifest.xml:212:9-219:20
187            android:name="com.example.example.User.EditInfoActivity"
187-->src\main\AndroidManifest.xml:213:13-50
188            android:exported="false"
188-->src\main\AndroidManifest.xml:214:13-37
189            android:screenOrientation="portrait" >
189-->src\main\AndroidManifest.xml:215:13-49
190            <meta-data
190-->src\main\AndroidManifest.xml:106:13-108:49
191                android:name="android.support.PARENT_ACTIVITY"
191-->src\main\AndroidManifest.xml:107:17-63
192                android:value=".User.ProfileActivity" />
192-->src\main\AndroidManifest.xml:108:17-46
193        </activity>
194        <activity
194-->src\main\AndroidManifest.xml:221:9-229:20
195            android:name="com.example.example.Resources.ResourceActivity"
195-->src\main\AndroidManifest.xml:222:13-55
196            android:exported="false"
196-->src\main\AndroidManifest.xml:223:13-37
197            android:screenOrientation="portrait"
197-->src\main\AndroidManifest.xml:224:13-49
198            android:theme="@style/AppTheme.NoActionBar" >
198-->src\main\AndroidManifest.xml:225:13-56
199            <meta-data
199-->src\main\AndroidManifest.xml:106:13-108:49
200                android:name="android.support.PARENT_ACTIVITY"
200-->src\main\AndroidManifest.xml:107:17-63
201                android:value=".HomeActivity" />
201-->src\main\AndroidManifest.xml:108:17-46
202        </activity>
203        <activity
203-->src\main\AndroidManifest.xml:231:9-239:20
204            android:name="com.example.example.Resources.CS.CSResourceDocs"
204-->src\main\AndroidManifest.xml:232:13-56
205            android:exported="false"
205-->src\main\AndroidManifest.xml:233:13-37
206            android:screenOrientation="portrait"
206-->src\main\AndroidManifest.xml:234:13-49
207            android:theme="@style/AppTheme.NoActionBar" >
207-->src\main\AndroidManifest.xml:235:13-56
208            <meta-data
208-->src\main\AndroidManifest.xml:106:13-108:49
209                android:name="android.support.PARENT_ACTIVITY"
209-->src\main\AndroidManifest.xml:107:17-63
210                android:value=".Resources.CS.CSBranch" />
210-->src\main\AndroidManifest.xml:108:17-46
211        </activity>
212        <activity
212-->src\main\AndroidManifest.xml:241:9-248:20
213            android:name="com.example.example.Resources.CS.CSBranch"
213-->src\main\AndroidManifest.xml:242:13-50
214            android:exported="false"
214-->src\main\AndroidManifest.xml:243:13-37
215            android:screenOrientation="portrait" >
215-->src\main\AndroidManifest.xml:244:13-49
216            <meta-data
216-->src\main\AndroidManifest.xml:106:13-108:49
217                android:name="android.support.PARENT_ACTIVITY"
217-->src\main\AndroidManifest.xml:107:17-63
218                android:value=".Resources.ResourceActivity" />
218-->src\main\AndroidManifest.xml:108:17-46
219        </activity>
220        <activity android:name="com.example.example.Resources.EE.EEBranch" >
220-->src\main\AndroidManifest.xml:250:9-254:20
220-->src\main\AndroidManifest.xml:250:19-56
221            <meta-data
221-->src\main\AndroidManifest.xml:106:13-108:49
222                android:name="android.support.PARENT_ACTIVITY"
222-->src\main\AndroidManifest.xml:107:17-63
223                android:value=".Resources.ResourceActivity" />
223-->src\main\AndroidManifest.xml:108:17-46
224        </activity>
225        <activity
225-->src\main\AndroidManifest.xml:256:9-264:20
226            android:name="com.example.example.Resources.EE.EEResourceDocs"
226-->src\main\AndroidManifest.xml:257:13-56
227            android:exported="false"
227-->src\main\AndroidManifest.xml:258:13-37
228            android:screenOrientation="portrait"
228-->src\main\AndroidManifest.xml:259:13-49
229            android:theme="@style/AppTheme.NoActionBar" >
229-->src\main\AndroidManifest.xml:260:13-56
230            <meta-data
230-->src\main\AndroidManifest.xml:106:13-108:49
231                android:name="android.support.PARENT_ACTIVITY"
231-->src\main\AndroidManifest.xml:107:17-63
232                android:value=".Resources.EE.EEBranch" />
232-->src\main\AndroidManifest.xml:108:17-46
233        </activity>
234        <activity
234-->src\main\AndroidManifest.xml:266:9-273:20
235            android:name="com.example.example.Resources.ME.MEBranch"
235-->src\main\AndroidManifest.xml:267:13-50
236            android:exported="false"
236-->src\main\AndroidManifest.xml:268:13-37
237            android:screenOrientation="portrait" >
237-->src\main\AndroidManifest.xml:269:13-49
238            <meta-data
238-->src\main\AndroidManifest.xml:106:13-108:49
239                android:name="android.support.PARENT_ACTIVITY"
239-->src\main\AndroidManifest.xml:107:17-63
240                android:value=".Resources.ResourceActivity" />
240-->src\main\AndroidManifest.xml:108:17-46
241        </activity>
242        <activity
242-->src\main\AndroidManifest.xml:275:9-283:20
243            android:name="com.example.example.Resources.ME.MEResourceDocs"
243-->src\main\AndroidManifest.xml:276:13-56
244            android:exported="false"
244-->src\main\AndroidManifest.xml:277:13-37
245            android:screenOrientation="portrait"
245-->src\main\AndroidManifest.xml:278:13-49
246            android:theme="@style/AppTheme.NoActionBar" >
246-->src\main\AndroidManifest.xml:279:13-56
247            <meta-data
247-->src\main\AndroidManifest.xml:106:13-108:49
248                android:name="android.support.PARENT_ACTIVITY"
248-->src\main\AndroidManifest.xml:107:17-63
249                android:value=".Resources.ME.MEBranch" />
249-->src\main\AndroidManifest.xml:108:17-46
250        </activity>
251        <activity
251-->src\main\AndroidManifest.xml:285:9-292:20
252            android:name="com.example.example.Resources.Common.CommonBranch"
252-->src\main\AndroidManifest.xml:286:13-58
253            android:exported="false"
253-->src\main\AndroidManifest.xml:287:13-37
254            android:screenOrientation="portrait" >
254-->src\main\AndroidManifest.xml:288:13-49
255            <meta-data
255-->src\main\AndroidManifest.xml:106:13-108:49
256                android:name="android.support.PARENT_ACTIVITY"
256-->src\main\AndroidManifest.xml:107:17-63
257                android:value=".Resources.ResourceActivity" />
257-->src\main\AndroidManifest.xml:108:17-46
258        </activity>
259        <activity
259-->src\main\AndroidManifest.xml:294:9-302:20
260            android:name="com.example.example.Resources.Common.CommonResourceDocs"
260-->src\main\AndroidManifest.xml:295:13-64
261            android:exported="false"
261-->src\main\AndroidManifest.xml:296:13-37
262            android:screenOrientation="portrait"
262-->src\main\AndroidManifest.xml:297:13-49
263            android:theme="@style/AppTheme.NoActionBar" >
263-->src\main\AndroidManifest.xml:298:13-56
264            <meta-data
264-->src\main\AndroidManifest.xml:106:13-108:49
265                android:name="android.support.PARENT_ACTIVITY"
265-->src\main\AndroidManifest.xml:107:17-63
266                android:value=".Resources.Common.CommonBranch" />
266-->src\main\AndroidManifest.xml:108:17-46
267        </activity>
268        <activity
268-->src\main\AndroidManifest.xml:304:9-312:20
269            android:name="com.example.example.Feedback.Feedback"
269-->src\main\AndroidManifest.xml:305:13-46
270            android:exported="false"
270-->src\main\AndroidManifest.xml:306:13-37
271            android:screenOrientation="portrait"
271-->src\main\AndroidManifest.xml:307:13-49
272            android:theme="@style/Theme.AppCompat.NoActionBar" >
272-->src\main\AndroidManifest.xml:308:13-63
273            <meta-data
273-->src\main\AndroidManifest.xml:106:13-108:49
274                android:name="android.support.PARENT_ACTIVITY"
274-->src\main\AndroidManifest.xml:107:17-63
275                android:value=".HomeActivity" />
275-->src\main\AndroidManifest.xml:108:17-46
276        </activity>
277        <activity
277-->src\main\AndroidManifest.xml:314:9-321:20
278            android:name="com.example.example.Settings.SettingsActivity"
278-->src\main\AndroidManifest.xml:315:13-54
279            android:exported="false"
279-->src\main\AndroidManifest.xml:316:13-37
280            android:theme="@style/SettingsTheme" >
280-->src\main\AndroidManifest.xml:317:13-49
281            <meta-data
281-->src\main\AndroidManifest.xml:106:13-108:49
282                android:name="android.support.PARENT_ACTIVITY"
282-->src\main\AndroidManifest.xml:107:17-63
283                android:value=".HomeActivity" />
283-->src\main\AndroidManifest.xml:108:17-46
284        </activity>
285
286        <receiver
286-->src\main\AndroidManifest.xml:323:9-330:20
287            android:name="com.example.example.Mess.messnotification.AlarmBootReceiver"
287-->src\main\AndroidManifest.xml:324:13-68
288            android:enabled="true"
288-->src\main\AndroidManifest.xml:325:13-35
289            android:exported="false" >
289-->src\main\AndroidManifest.xml:326:13-37
290            <intent-filter>
290-->src\main\AndroidManifest.xml:327:13-329:29
291                <action android:name="android.intent.action.BOOT_COMPLETED" />
291-->src\main\AndroidManifest.xml:328:17-79
291-->src\main\AndroidManifest.xml:328:25-76
292            </intent-filter>
293        </receiver>
294        <receiver
294-->src\main\AndroidManifest.xml:332:9-336:41
295            android:name="com.example.example.Mess.messnotification.BreakfastAlarmReceiver"
295-->src\main\AndroidManifest.xml:333:13-73
296            android:enabled="true"
296-->src\main\AndroidManifest.xml:334:13-35
297            android:exported="false"
297-->src\main\AndroidManifest.xml:335:13-37
298            android:process=":remote" />
298-->src\main\AndroidManifest.xml:336:13-38
299        <receiver
299-->src\main\AndroidManifest.xml:338:9-342:41
300            android:name="com.example.example.Mess.messnotification.LunchAlarmReceiver"
300-->src\main\AndroidManifest.xml:339:13-69
301            android:enabled="true"
301-->src\main\AndroidManifest.xml:340:13-35
302            android:exported="false"
302-->src\main\AndroidManifest.xml:341:13-37
303            android:process=":remote" />
303-->src\main\AndroidManifest.xml:342:13-38
304        <receiver
304-->src\main\AndroidManifest.xml:344:9-348:41
305            android:name="com.example.example.Mess.messnotification.TiffinAlarmReceiver"
305-->src\main\AndroidManifest.xml:345:13-70
306            android:enabled="true"
306-->src\main\AndroidManifest.xml:346:13-35
307            android:exported="false"
307-->src\main\AndroidManifest.xml:347:13-37
308            android:process=":remote" />
308-->src\main\AndroidManifest.xml:348:13-38
309        <receiver
309-->src\main\AndroidManifest.xml:350:9-354:41
310            android:name="com.example.example.Mess.messnotification.DinnerAlarmReceiver"
310-->src\main\AndroidManifest.xml:351:13-70
311            android:enabled="true"
311-->src\main\AndroidManifest.xml:352:13-35
312            android:exported="false"
312-->src\main\AndroidManifest.xml:353:13-37
313            android:process=":remote" />
313-->src\main\AndroidManifest.xml:354:13-38
314
315        <activity
315-->src\main\AndroidManifest.xml:356:9-359:73
316            android:name="com.google.android.gms.auth.api.signin.internal.SignInHubActivity"
316-->src\main\AndroidManifest.xml:357:13-93
317            android:screenOrientation="portrait"
317-->src\main\AndroidManifest.xml:358:13-49
318            android:windowSoftInputMode="stateAlwaysHidden|adjustPan" />
318-->src\main\AndroidManifest.xml:359:13-70
319
320        <service android:name="com.google.firebase.components.ComponentDiscoveryService" >
320-->src\main\AndroidManifest.xml:361:9-380:19
320-->src\main\AndroidManifest.xml:361:18-89
321            <meta-data
321-->src\main\AndroidManifest.xml:362:13-364:85
322                android:name="com.google.firebase.components:com.google.firebase.analytics.connector.internal.AnalyticsConnectorRegistrar"
322-->src\main\AndroidManifest.xml:363:17-139
323                android:value="com.google.firebase.components.ComponentRegistrar" />
323-->src\main\AndroidManifest.xml:364:17-82
324            <meta-data
324-->src\main\AndroidManifest.xml:365:13-367:85
325                android:name="com.google.firebase.components:com.google.firebase.firestore.FirestoreRegistrar"
325-->src\main\AndroidManifest.xml:366:17-111
326                android:value="com.google.firebase.components.ComponentRegistrar" />
326-->src\main\AndroidManifest.xml:367:17-82
327            <meta-data
327-->src\main\AndroidManifest.xml:368:13-370:85
328                android:name="com.google.firebase.components:com.google.firebase.iid.Registrar"
328-->src\main\AndroidManifest.xml:369:17-96
329                android:value="com.google.firebase.components.ComponentRegistrar" />
329-->src\main\AndroidManifest.xml:370:17-82
330            <meta-data